[장고 설문조사 앱을 STATIC 파일(js, css, image)이 포함된 탬플릿 파일에 연결하기]

-- 기본 환경
vscode를 실행하여 원격으로 우분투 개발 서버에 접속이 되어 있어야 한다.
01.장고프로젝트_ 환경 구성에서 만들어놓은 프로젝트로 들어가서 가상환경이 연결 되어 있어야 한다
02.장고프로젝트_ 모델 생성에서 만들어놓은 프로젝트로 들어가서 가상환경이 연결 되어 있어야 한다
예제에서는 프로젝트: ysk_prj, 가상환경: vnv_ysk002를 기준으로 설명한다

-- 먼저 bootstrap studio에서 polls와 관련된 페이지들을 디자인하여 만들어진 내용을 EXPORT한다
여기에서는 CRUD-Table이라는 Component를 가지고 pioll_list를 디자인해 보았다

-- Export된 파일들을 Ubuntu 서버의 각 폴더에 업로드한다.
.html 파일들은 ysk_prj->polls->templates->polls에 업로드한다.
assets 폴더는 ysk_prj->polls->static->polls에 업로드한다.

-- 다음과 같은 절차로 모든 html파일을 일괄 수정한다.
-- 스트링을 변경한다.
"&quot;" -> "'"
"assets/" -> "polls/assets/"

-- djangify 패키지를 설치한다.
(vnv_ysk002)$ pip install djangify

-- djangify을 이용하여 html파일을 static 파일들을 로딩위치를 변경한다.
(vnv_ysk002)$ djangify -d search/templates/search
==> 파일내의 Static 파일들의 로딩 위치가 다음처럼 변경된다
<link rel="stylesheet" href="pfolls/assets/css/styles.min.css"> 
=> <link rel="stylesheet" href="{% static 'polls/assets/css/styles.min.css' %}">
style="background:url('polls/assets/img/bg-masthead.jpg')no-repeat center center;background-size:cover;">
=> style="background:url('{% static "polls/assets/img/bg-masthead.jpg" %}')no-repeat center center;background-size:cover;">

-- 각 html 파일의 맨앞에 아래의 스크립트를 추가해 준다
{% load static %}

-- 개발용 서버를 실행한 후 크롬으로부 아래의 주소를 입력하여 탬플릿 파일이 올라오는지 확인한다
(vnv_ysk002)$ python manage.py runserver 8002
크롬 주소: 127.0.0.1:8002/polls/
